<?xml version="1.0" encoding="UTF-8"?>
<testsuite xmlns:xsi="http://www.w3.org/2001/XMLSchema-instance" xsi:noNamespaceSchemaLocation="https://maven.apache.org/surefire/maven-surefire-plugin/xsd/surefire-test-report.xsd" version="3.0.2" name="com.irrigo.weatherintelligenceservice.WeatherIntelligenceServiceApplicationTests" time="10.681" tests="1" errors="0" skipped="0" failures="0">
  <properties>
[...]
</properties>
  <testcase name="contextLoads" classname="com.irrigo.weatherintelligenceservice.WeatherIntelligenceServiceApplicationTests" time="1.488">
    <system-out><![CDATA[03:34:05.002 [main] INFO org.springframework.test.context.support.AnnotationConfigContextLoaderUtils -- Could not detect default configuration classes for test class [com.irrigo.weatherintelligenceservice.WeatherIntelligenceServiceApplicationTests]: WeatherIntelligenceServiceApplicationTests does not declare any static, non-private, non-final, nested classes annotated with @Configuration.
03:34:05.150 [main] INFO org.springframework.boot.test.context.SpringBootTestContextBootstrapper -- Found @SpringBootConfiguration com.irrigo.weatherintelligenceservice.WeatherIntelligenceServiceApplication for test class com.irrigo.weatherintelligenceservice.WeatherIntelligenceServiceApplicationTests
03:34:05.817 [main] INFO org.springframework.boot.devtools.restart.RestartApplicationListener -- Restart disabled due to context in which it is running

  .   ____          _            __ _ _
 /\\ / ___'_ __ _ _(_)_ __  __ _ \ \ \ \
( ( )\___ | '_ | '_| | '_ \/ _` | \ \ \ \
 \\/  ___)| |_)| | | | | || (_| |  ) ) ) )
  '  |____| .__|_| |_|_| |_\__, | / / / /
 =========|_|==============|___/=/_/_/_/

 :: Spring Boot ::                (v4.0.3)

2026-03-04T03:34:07.424+01:00  INFO 6156 --- [weather-intelligence-service] [           main] atherIntelligenceServiceApplicationTests : Starting WeatherIntelligenceServiceApplicationTests using Java 17.0.12 with PID 6156 (started by Lenovo in C:\Users\Lenovo\Desktop\irrigo-platform-main\weather-intelligence-service)
2026-03-04T03:34:07.426+01:00  INFO 6156 --- [weather-intelligence-service] [           main] atherIntelligenceServiceApplicationTests : No active profile set, falling back to 1 default profile: "default"
2026-03-04T03:34:07.563+01:00  INFO 6156 --- [weather-intelligence-service] [           main] o.s.c.c.c.ConfigServerConfigDataLoader   : Fetching config from server at : http://localhost:8888
2026-03-04T03:34:07.567+01:00  INFO 6156 --- [weather-intelligence-service] [           main] o.s.c.c.c.ConfigServerConfigDataLoader   : Located environment: name=weather-intelligence-service, profiles=[default], label=null, version=null, state=null
2026-03-04T03:34:09.233+01:00  INFO 6156 --- [weather-intelligence-service] [           main] o.s.cloud.context.scope.GenericScope     : BeanFactory id=36ca525e-fc1a-3b0c-97fe-cbb0b4c721bc
2026-03-04T03:34:10.265+01:00  INFO 6156 --- [weather-intelligence-service] [           main] o.s.c.openfeign.FeignClientFactoryBean   : For 'task-management-service' URL not provided. Will try picking an instance via load-balancing.
2026-03-04T03:34:10.720+01:00  WARN 6156 --- [weather-intelligence-service] [           main] .s.a.UserDetailsServiceAutoConfiguration : 

Using generated security password: c3fd2a45-cfb3-43db-bd19-68d0d520e2bf

This generated password is for development use only. Your security configuration must be updated before running your application in production.

2026-03-04T03:34:10.731+01:00  INFO 6156 --- [weather-intelligence-service] [           main] r$InitializeUserDetailsManagerConfigurer : Global AuthenticationManager configured with UserDetailsService bean with name inMemoryUserDetailsManager
2026-03-04T03:34:12.581+01:00  INFO 6156 --- [weather-intelligence-service] [           main] DiscoveryClientOptionalArgsConfiguration : Eureka HTTP Client uses RestClient.
2026-03-04T03:34:12.690+01:00  WARN 6156 --- [weather-intelligence-service] [           main] iguration$LoadBalancerCaffeineWarnLogger : Spring Cloud LoadBalancer is currently working with the default cache. While this cache implementation is useful for development and tests, it's recommended to use Caffeine cache in production.You can switch to using Caffeine cache, by adding it and org.springframework.cache.caffeine.CaffeineCacheManager to the classpath.
2026-03-04T03:34:12.806+01:00  INFO 6156 --- [weather-intelligence-service] [           main] o.s.c.n.eureka.InstanceInfoFactory       : Setting initial instance status as: STARTING
2026-03-04T03:34:12.848+01:00  INFO 6156 --- [weather-intelligence-service] [           main] com.netflix.discovery.DiscoveryClient    : Initializing Eureka in region us-east-1
2026-03-04T03:34:12.858+01:00  INFO 6156 --- [weather-intelligence-service] [           main] c.n.d.s.r.aws.ConfigClusterResolver      : Resolving eureka endpoints via configuration
2026-03-04T03:34:12.883+01:00  INFO 6156 --- [weather-intelligence-service] [           main] com.netflix.discovery.DiscoveryClient    : Disable delta property : false
2026-03-04T03:34:12.883+01:00  INFO 6156 --- [weather-intelligence-service] [           main] com.netflix.discovery.DiscoveryClient    : Single vip registry refresh property : null
2026-03-04T03:34:12.883+01:00  INFO 6156 --- [weather-intelligence-service] [           main] com.netflix.discovery.DiscoveryClient    : Force full registry fetch : false
2026-03-04T03:34:12.884+01:00  INFO 6156 --- [weather-intelligence-service] [           main] com.netflix.discovery.DiscoveryClient    : Application is null : false
2026-03-04T03:34:12.889+01:00  INFO 6156 --- [weather-intelligence-service] [           main] com.netflix.discovery.DiscoveryClient    : Registered Applications size is zero : true
2026-03-04T03:34:12.890+01:00  INFO 6156 --- [weather-intelligence-service] [           main] com.netflix.discovery.DiscoveryClient    : Application version is -1: true
2026-03-04T03:34:12.892+01:00  INFO 6156 --- [weather-intelligence-service] [           main] com.netflix.discovery.DiscoveryClient    : Getting all instance registry info from the eureka server
2026-03-04T03:34:13.724+01:00  INFO 6156 --- [weather-intelligence-service] [           main] com.netflix.discovery.DiscoveryClient    : The response status is 200
2026-03-04T03:34:13.727+01:00  INFO 6156 --- [weather-intelligence-service] [           main] com.netflix.discovery.DiscoveryClient    : Starting heartbeat executor: renew interval is: 30
2026-03-04T03:34:13.730+01:00  INFO 6156 --- [weather-intelligence-service] [           main] c.n.discovery.InstanceInfoReplicator     : InstanceInfoReplicator onDemand update allowed rate per min is 4
2026-03-04T03:34:13.731+01:00  INFO 6156 --- [weather-intelligence-service] [           main] com.netflix.discovery.DiscoveryClient    : Discovery Client initialized at timestamp 1772591653731 with initial instances count: 3
2026-03-04T03:34:13.738+01:00  INFO 6156 --- [weather-intelligence-service] [           main] o.s.c.n.e.s.EurekaServiceRegistry        : Registering application WEATHER-INTELLIGENCE-SERVICE with eureka with status UP
2026-03-04T03:34:13.739+01:00  INFO 6156 --- [weather-intelligence-service] [           main] com.netflix.discovery.DiscoveryClient    : Saw local status change event StatusChangeEvent [timestamp=1772591653739, current=UP, previous=STARTING]
2026-03-04T03:34:13.745+01:00  INFO 6156 --- [weather-intelligence-service] [foReplicator-%d] com.netflix.discovery.DiscoveryClient    : DiscoveryClient_WEATHER-INTELLIGENCE-SERVICE/DESKTOP-HJC6D88:weather-intelligence-service:8083: registering service...
2026-03-04T03:34:13.774+01:00  INFO 6156 --- [weather-intelligence-service] [           main] atherIntelligenceServiceApplicationTests : Started WeatherIntelligenceServiceApplicationTests in 7.982 seconds (process running for 10.333)
2026-03-04T03:34:13.927+01:00  INFO 6156 --- [weather-intelligence-service] [foReplicator-%d] com.netflix.discovery.DiscoveryClient    : DiscoveryClient_WEATHER-INTELLIGENCE-SERVICE/DESKTOP-HJC6D88:weather-intelligence-service:8083 - registration status: 204
]]></system-out>
  </testcase>
</testsuite>